\BOOKMARK [1][-]{section.1}{Introduction}{}% 1
\BOOKMARK [2][-]{subsection.1.1}{Related Work}{section.1}% 2
\BOOKMARK [2][-]{subsection.1.2}{Contributions}{section.1}% 3
\BOOKMARK [1][-]{section.2}{Idealized Algol with Countable Nondeterminism}{}% 4
\BOOKMARK [1][-]{section.3}{Game Semantics}{}% 5
\BOOKMARK [2][-]{subsection.3.1}{Arenas}{section.3}% 6
\BOOKMARK [2][-]{subsection.3.2}{Games and strategies}{section.3}% 7
\BOOKMARK [3][-]{subsubsection.3.2.1}{Connectives}{subsection.3.2}% 8
\BOOKMARK [3][-]{subsubsection.3.2.2}{Modelling countable nondeterminism}{subsection.3.2}% 9
\BOOKMARK [3][-]{subsubsection.3.2.3}{Strategies}{subsection.3.2}% 10
\BOOKMARK [3][-]{subsubsection.3.2.4}{Composition of strategies}{subsection.3.2}% 11
\BOOKMARK [3][-]{subsubsection.3.2.5}{Associativity of composition}{subsection.3.2}% 12
\BOOKMARK [2][-]{subsection.3.3}{A symmetric monoidal closed category}{section.3}% 13
\BOOKMARK [2][-]{subsection.3.4}{A Cartesian closed category}{section.3}% 14
\BOOKMARK [2][-]{subsection.3.5}{Constraining strategies}{section.3}% 15
\BOOKMARK [2][-]{subsection.3.6}{Recursive strategies}{section.3}% 16
\BOOKMARK [2][-]{subsection.3.7}{Deterministic Factorization}{section.3}% 17
\BOOKMARK [1][-]{section.4}{Full abstraction}{}% 18
\BOOKMARK [2][-]{subsection.4.1}{Denotational Semantics}{section.4}% 19
\BOOKMARK [2][-]{subsection.4.2}{Computational Adequacy}{section.4}% 20
\BOOKMARK [2][-]{subsection.4.3}{Intrinsic Equivalence and Soundness}{section.4}% 21
\BOOKMARK [2][-]{subsection.4.4}{Universality}{section.4}% 22
\BOOKMARK [2][-]{subsection.4.5}{Full abstraction}{section.4}% 23
\BOOKMARK [1][-]{section.5}{Conclusion}{}% 24
