This is pdfTeX, Version 3.14159265-2.6-1.40.19 (TeX Live 2018/Arch Linux) (preloaded format=pdflatex 2018.8.2)  1 SEP 2018 23:47
entering extended mode
 restricted \write18 enabled.
 %&-line parsing enabled.
**presentation
(./presentation.tex
LaTeX2e <2018-04-01> patch level 2
Babel <3.18> and hyphenation patterns for 84 language(s) loaded.
(/usr/share/texmf-dist/tex/latex/beamer/beamer.cls
Document Class: beamer 2018/02/20 v3.50 A class for typesetting presentations
(/usr/share/texmf-dist/tex/latex/beamer/beamerbasemodes.sty
(/usr/share/texmf-dist/tex/latex/etoolbox/etoolbox.sty
Package: etoolbox 2018/02/11 v2.5e e-TeX tools for LaTeX (JAW)
\etb@tempcnta=\count80
)
\beamer@tempbox=\box26
\beamer@tempcount=\count81
\c@beamerpauses=\count82

(/usr/share/texmf-dist/tex/latex/beamer/beamerbasedecode.sty
\beamer@slideinframe=\count83
\beamer@minimum=\count84
)
\beamer@commentbox=\box27
\beamer@modecount=\count85
)
(/usr/share/texmf-dist/tex/generic/oberdiek/ifpdf.sty
Package: ifpdf 2017/03/15 v3.2 Provides the ifpdf switch
)
\headdp=\dimen102
\footheight=\dimen103
\sidebarheight=\dimen104
\beamer@tempdim=\dimen105
\beamer@finalheight=\dimen106
\beamer@animht=\dimen107
\beamer@animdp=\dimen108
\beamer@animwd=\dimen109
\beamer@leftmargin=\dimen110
\beamer@rightmargin=\dimen111
\beamer@leftsidebar=\dimen112
\beamer@rightsidebar=\dimen113
\beamer@boxsize=\dimen114
\beamer@vboxoffset=\dimen115
\beamer@descdefault=\dimen116
\beamer@descriptionwidth=\dimen117
\beamer@lastskip=\skip41
\beamer@areabox=\box28
\beamer@animcurrent=\box29
\beamer@animshowbox=\box30
\beamer@sectionbox=\box31
\beamer@logobox=\box32
\beamer@linebox=\box33
\beamer@sectioncount=\count86
\beamer@subsubsectionmax=\count87
\beamer@subsectionmax=\count88
\beamer@sectionmax=\count89
\beamer@totalheads=\count90
\beamer@headcounter=\count91
\beamer@partstartpage=\count92
\beamer@sectionstartpage=\count93
\beamer@subsectionstartpage=\count94
\beamer@animationtempa=\count95
\beamer@animationtempb=\count96
\beamer@xpos=\count97
\beamer@ypos=\count98
\beamer@ypos@offset=\count99
\beamer@showpartnumber=\count100
\beamer@currentsubsection=\count101
\beamer@coveringdepth=\count102
\beamer@sectionadjust=\count103
\beamer@tocsectionnumber=\count104

(/usr/share/texmf-dist/tex/latex/beamer/beamerbaseoptions.sty
(/usr/share/texmf-dist/tex/latex/graphics/keyval.sty
Package: keyval 2014/10/28 v1.15 key=value parser (DPC)
\KV@toks@=\toks14
))
\beamer@paperwidth=\skip42
\beamer@paperheight=\skip43

(/usr/share/texmf-dist/tex/latex/geometry/geometry.sty
Package: geometry 2018/03/24 v5.7 Page Geometry

(/usr/share/texmf-dist/tex/generic/oberdiek/ifvtex.sty
Package: ifvtex 2016/05/16 v1.6 Detect VTeX and its facilities (HO)
Package ifvtex Info: VTeX not detected.
)
(/usr/share/texmf-dist/tex/generic/ifxetex/ifxetex.sty
Package: ifxetex 2010/09/12 v0.6 Provides ifxetex conditional
)
\Gm@cnth=\count105
\Gm@cntv=\count106
\c@Gm@tempcnt=\count107
\Gm@bindingoffset=\dimen118
\Gm@wd@mp=\dimen119
\Gm@odd@mp=\dimen120
\Gm@even@mp=\dimen121
\Gm@layoutwidth=\dimen122
\Gm@layoutheight=\dimen123
\Gm@layouthoffset=\dimen124
\Gm@layoutvoffset=\dimen125
\Gm@dimlist=\toks15
)
(/usr/share/texmf-dist/tex/latex/base/size11.clo
File: size11.clo 2014/09/29 v1.4h Standard LaTeX file (size option)
)
(/usr/share/texmf-dist/tex/latex/pgf/basiclayer/pgfcore.sty
(/usr/share/texmf-dist/tex/latex/graphics/graphicx.sty
Package: graphicx 2017/06/01 v1.1a Enhanced LaTeX Graphics (DPC,SPQR)

(/usr/share/texmf-dist/tex/latex/graphics/graphics.sty
Package: graphics 2017/06/25 v1.2c Standard LaTeX Graphics (DPC,SPQR)

(/usr/share/texmf-dist/tex/latex/graphics/trig.sty
Package: trig 2016/01/03 v1.10 sin cos tan (DPC)
)
(/usr/share/texmf-dist/tex/latex/graphics-cfg/graphics.cfg
File: graphics.cfg 2016/06/04 v1.11 sample graphics configuration
)
Package graphics Info: Driver file: pdftex.def on input line 99.

(/usr/share/texmf-dist/tex/latex/graphics-def/pdftex.def
File: pdftex.def 2018/01/08 v1.0l Graphics/color driver for pdftex
))
\Gin@req@height=\dimen126
\Gin@req@width=\dimen127
)
(/usr/share/texmf-dist/tex/latex/pgf/systemlayer/pgfsys.sty
(/usr/share/texmf-dist/tex/latex/pgf/utilities/pgfrcs.sty
(/usr/share/texmf-dist/tex/generic/pgf/utilities/pgfutil-common.tex
\pgfutil@everybye=\toks16
\pgfutil@tempdima=\dimen128
\pgfutil@tempdimb=\dimen129

(/usr/share/texmf-dist/tex/generic/pgf/utilities/pgfutil-common-lists.tex))
(/usr/share/texmf-dist/tex/generic/pgf/utilities/pgfutil-latex.def
\pgfutil@abb=\box34

(/usr/share/texmf-dist/tex/latex/ms/everyshi.sty
Package: everyshi 2001/05/15 v3.00 EveryShipout Package (MS)
))
(/usr/share/texmf-dist/tex/generic/pgf/utilities/pgfrcs.code.tex
Package: pgfrcs 2015/08/07 v3.0.1a (rcs-revision 1.31)
))
(/usr/share/texmf-dist/tex/generic/pgf/systemlayer/pgfsys.code.tex
Package: pgfsys 2014/07/09 v3.0.1a (rcs-revision 1.48)

(/usr/share/texmf-dist/tex/generic/pgf/utilities/pgfkeys.code.tex
\pgfkeys@pathtoks=\toks17
\pgfkeys@temptoks=\toks18

(/usr/share/texmf-dist/tex/generic/pgf/utilities/pgfkeysfiltered.code.tex
\pgfkeys@tmptoks=\toks19
))
\pgf@x=\dimen130
\pgf@y=\dimen131
\pgf@xa=\dimen132
\pgf@ya=\dimen133
\pgf@xb=\dimen134
\pgf@yb=\dimen135
\pgf@xc=\dimen136
\pgf@yc=\dimen137
\w@pgf@writea=\write3
\r@pgf@reada=\read1
\c@pgf@counta=\count108
\c@pgf@countb=\count109
\c@pgf@countc=\count110
\c@pgf@countd=\count111
\t@pgf@toka=\toks20
\t@pgf@tokb=\toks21
\t@pgf@tokc=\toks22

(/usr/share/texmf-dist/tex/generic/pgf/systemlayer/pgf.cfg
File: pgf.cfg 2008/05/14  (rcs-revision 1.7)
)
Driver file for pgf: pgfsys-pdftex.def

(/usr/share/texmf-dist/tex/generic/pgf/systemlayer/pgfsys-pdftex.def
File: pgfsys-pdftex.def 2014/10/11  (rcs-revision 1.35)

(/usr/share/texmf-dist/tex/generic/pgf/systemlayer/pgfsys-common-pdf.def
File: pgfsys-common-pdf.def 2013/10/10  (rcs-revision 1.13)
)))
(/usr/share/texmf-dist/tex/generic/pgf/systemlayer/pgfsyssoftpath.code.tex
File: pgfsyssoftpath.code.tex 2013/09/09  (rcs-revision 1.9)
\pgfsyssoftpath@smallbuffer@items=\count112
\pgfsyssoftpath@bigbuffer@items=\count113
)
(/usr/share/texmf-dist/tex/generic/pgf/systemlayer/pgfsysprotocol.code.tex
File: pgfsysprotocol.code.tex 2006/10/16  (rcs-revision 1.4)
))
(/usr/share/texmf-dist/tex/latex/xcolor/xcolor.sty
Package: xcolor 2016/05/11 v2.12 LaTeX color extensions (UK)

(/usr/share/texmf-dist/tex/latex/graphics-cfg/color.cfg
File: color.cfg 2016/01/02 v1.6 sample color configuration
)
Package xcolor Info: Driver file: pdftex.def on input line 225.
Package xcolor Info: Model `cmy' substituted by `cmy0' on input line 1348.
Package xcolor Info: Model `hsb' substituted by `rgb' on input line 1352.
Package xcolor Info: Model `RGB' extended on input line 1364.
Package xcolor Info: Model `HTML' substituted by `rgb' on input line 1366.
Package xcolor Info: Model `Hsb' substituted by `hsb' on input line 1367.
Package xcolor Info: Model `tHsb' substituted by `hsb' on input line 1368.
Package xcolor Info: Model `HSB' substituted by `hsb' on input line 1369.
Package xcolor Info: Model `Gray' substituted by `gray' on input line 1370.
Package xcolor Info: Model `wave' substituted by `hsb' on input line 1371.
)
(/usr/share/texmf-dist/tex/generic/pgf/basiclayer/pgfcore.code.tex
Package: pgfcore 2010/04/11 v3.0.1a (rcs-revision 1.7)

(/usr/share/texmf-dist/tex/generic/pgf/math/pgfmath.code.tex
(/usr/share/texmf-dist/tex/generic/pgf/math/pgfmathcalc.code.tex
(/usr/share/texmf-dist/tex/generic/pgf/math/pgfmathutil.code.tex)
(/usr/share/texmf-dist/tex/generic/pgf/math/pgfmathparser.code.tex
\pgfmath@dimen=\dimen138
\pgfmath@count=\count114
\pgfmath@box=\box35
\pgfmath@toks=\toks23
\pgfmath@stack@operand=\toks24
\pgfmath@stack@operation=\toks25
)
(/usr/share/texmf-dist/tex/generic/pgf/math/pgfmathfunctions.code.tex
(/usr/share/texmf-dist/tex/generic/pgf/math/pgfmathfunctions.basic.code.tex)
(/usr/share/texmf-dist/tex/generic/pgf/math/pgfmathfunctions.trigonometric.code
.tex)
(/usr/share/texmf-dist/tex/generic/pgf/math/pgfmathfunctions.random.code.tex)
(/usr/share/texmf-dist/tex/generic/pgf/math/pgfmathfunctions.comparison.code.te
x) (/usr/share/texmf-dist/tex/generic/pgf/math/pgfmathfunctions.base.code.tex)
(/usr/share/texmf-dist/tex/generic/pgf/math/pgfmathfunctions.round.code.tex)
(/usr/share/texmf-dist/tex/generic/pgf/math/pgfmathfunctions.misc.code.tex)
(/usr/share/texmf-dist/tex/generic/pgf/math/pgfmathfunctions.integerarithmetics
.code.tex))) (/usr/share/texmf-dist/tex/generic/pgf/math/pgfmathfloat.code.tex
\c@pgfmathroundto@lastzeros=\count115
)) (/usr/share/texmf-dist/tex/generic/pgf/basiclayer/pgfcorepoints.code.tex
File: pgfcorepoints.code.tex 2013/10/07  (rcs-revision 1.27)
\pgf@picminx=\dimen139
\pgf@picmaxx=\dimen140
\pgf@picminy=\dimen141
\pgf@picmaxy=\dimen142
\pgf@pathminx=\dimen143
\pgf@pathmaxx=\dimen144
\pgf@pathminy=\dimen145
\pgf@pathmaxy=\dimen146
\pgf@xx=\dimen147
\pgf@xy=\dimen148
\pgf@yx=\dimen149
\pgf@yy=\dimen150
\pgf@zx=\dimen151
\pgf@zy=\dimen152
)
(/usr/share/texmf-dist/tex/generic/pgf/basiclayer/pgfcorepathconstruct.code.tex
File: pgfcorepathconstruct.code.tex 2013/10/07  (rcs-revision 1.29)
\pgf@path@lastx=\dimen153
\pgf@path@lasty=\dimen154
) (/usr/share/texmf-dist/tex/generic/pgf/basiclayer/pgfcorepathusage.code.tex
File: pgfcorepathusage.code.tex 2014/11/02  (rcs-revision 1.24)
\pgf@shorten@end@additional=\dimen155
\pgf@shorten@start@additional=\dimen156
)
(/usr/share/texmf-dist/tex/generic/pgf/basiclayer/pgfcorescopes.code.tex
File: pgfcorescopes.code.tex 2015/05/08  (rcs-revision 1.46)
\pgfpic=\box36
\pgf@hbox=\box37
\pgf@layerbox@main=\box38
\pgf@picture@serial@count=\count116
)
(/usr/share/texmf-dist/tex/generic/pgf/basiclayer/pgfcoregraphicstate.code.tex
File: pgfcoregraphicstate.code.tex 2014/11/02  (rcs-revision 1.12)
\pgflinewidth=\dimen157
)
(/usr/share/texmf-dist/tex/generic/pgf/basiclayer/pgfcoretransformations.code.t
ex
File: pgfcoretransformations.code.tex 2015/08/07  (rcs-revision 1.20)
\pgf@pt@x=\dimen158
\pgf@pt@y=\dimen159
\pgf@pt@temp=\dimen160
) (/usr/share/texmf-dist/tex/generic/pgf/basiclayer/pgfcorequick.code.tex
File: pgfcorequick.code.tex 2008/10/09  (rcs-revision 1.3)
)
(/usr/share/texmf-dist/tex/generic/pgf/basiclayer/pgfcoreobjects.code.tex
File: pgfcoreobjects.code.tex 2006/10/11  (rcs-revision 1.2)
)
(/usr/share/texmf-dist/tex/generic/pgf/basiclayer/pgfcorepathprocessing.code.te
x
File: pgfcorepathprocessing.code.tex 2013/09/09  (rcs-revision 1.9)
) (/usr/share/texmf-dist/tex/generic/pgf/basiclayer/pgfcorearrows.code.tex
File: pgfcorearrows.code.tex 2015/05/14  (rcs-revision 1.43)
\pgfarrowsep=\dimen161
)
(/usr/share/texmf-dist/tex/generic/pgf/basiclayer/pgfcoreshade.code.tex
File: pgfcoreshade.code.tex 2013/07/15  (rcs-revision 1.15)
\pgf@max=\dimen162
\pgf@sys@shading@range@num=\count117
)
(/usr/share/texmf-dist/tex/generic/pgf/basiclayer/pgfcoreimage.code.tex
File: pgfcoreimage.code.tex 2013/07/15  (rcs-revision 1.18)

(/usr/share/texmf-dist/tex/generic/pgf/basiclayer/pgfcoreexternal.code.tex
File: pgfcoreexternal.code.tex 2014/07/09  (rcs-revision 1.21)
\pgfexternal@startupbox=\box39
))
(/usr/share/texmf-dist/tex/generic/pgf/basiclayer/pgfcorelayers.code.tex
File: pgfcorelayers.code.tex 2013/07/18  (rcs-revision 1.7)
)
(/usr/share/texmf-dist/tex/generic/pgf/basiclayer/pgfcoretransparency.code.tex
File: pgfcoretransparency.code.tex 2013/09/30  (rcs-revision 1.5)
) (/usr/share/texmf-dist/tex/generic/pgf/basiclayer/pgfcorepatterns.code.tex
File: pgfcorepatterns.code.tex 2013/11/07  (rcs-revision 1.5)
)))
(/usr/share/texmf-dist/tex/latex/pgf/utilities/xxcolor.sty
Package: xxcolor 2003/10/24 ver 0.1
\XC@nummixins=\count118
\XC@countmixins=\count119
)
(/usr/share/texmf-dist/tex/generic/oberdiek/atbegshi.sty
Package: atbegshi 2016/06/09 v1.18 At begin shipout hook (HO)

(/usr/share/texmf-dist/tex/generic/oberdiek/infwarerr.sty
Package: infwarerr 2016/05/16 v1.4 Providing info/warning/error messages (HO)
)
(/usr/share/texmf-dist/tex/generic/oberdiek/ltxcmds.sty
Package: ltxcmds 2016/05/16 v1.23 LaTeX kernel commands for general use (HO)
))
(/usr/share/texmf-dist/tex/latex/hyperref/hyperref.sty
Package: hyperref 2018/02/06 v6.86b Hypertext links for LaTeX

(/usr/share/texmf-dist/tex/generic/oberdiek/hobsub-hyperref.sty
Package: hobsub-hyperref 2016/05/16 v1.14 Bundle oberdiek, subset hyperref (HO)


(/usr/share/texmf-dist/tex/generic/oberdiek/hobsub-generic.sty
Package: hobsub-generic 2016/05/16 v1.14 Bundle oberdiek, subset generic (HO)
Package: hobsub 2016/05/16 v1.14 Construct package bundles (HO)
Package hobsub Info: Skipping package `infwarerr' (already loaded).
Package hobsub Info: Skipping package `ltxcmds' (already loaded).
Package: ifluatex 2016/05/16 v1.4 Provides the ifluatex switch (HO)
Package ifluatex Info: LuaTeX not detected.
Package hobsub Info: Skipping package `ifvtex' (already loaded).
Package: intcalc 2016/05/16 v1.2 Expandable calculations with integers (HO)
Package hobsub Info: Skipping package `ifpdf' (already loaded).
Package: etexcmds 2016/05/16 v1.6 Avoid name clashes with e-TeX commands (HO)
Package etexcmds Info: Could not find \expanded.
(etexcmds)             That can mean that you are not using pdfTeX 1.50 or
(etexcmds)             that some package has redefined \expanded.
(etexcmds)             In the latter case, load this package earlier.
Package: kvsetkeys 2016/05/16 v1.17 Key value parser (HO)
Package: kvdefinekeys 2016/05/16 v1.4 Define keys (HO)
Package: pdftexcmds 2018/01/30 v0.27 Utility functions of pdfTeX for LuaTeX (HO
)
Package pdftexcmds Info: LuaTeX not detected.
Package pdftexcmds Info: \pdf@primitive is available.
Package pdftexcmds Info: \pdf@ifprimitive is available.
Package pdftexcmds Info: \pdfdraftmode found.
Package: pdfescape 2016/05/16 v1.14 Implements pdfTeX's escape features (HO)
Package: bigintcalc 2016/05/16 v1.4 Expandable calculations on big integers (HO
)
Package: bitset 2016/05/16 v1.2 Handle bit-vector datatype (HO)
Package: uniquecounter 2016/05/16 v1.3 Provide unlimited unique counter (HO)
)
Package hobsub Info: Skipping package `hobsub' (already loaded).
Package: letltxmacro 2016/05/16 v1.5 Let assignment for LaTeX macros (HO)
Package: hopatch 2016/05/16 v1.3 Wrapper for package hooks (HO)
Package: xcolor-patch 2016/05/16 xcolor patch
Package: atveryend 2016/05/16 v1.9 Hooks at the very end of document (HO)
Package hobsub Info: Skipping package `atbegshi' (already loaded).
Package: refcount 2016/05/16 v3.5 Data extraction from label references (HO)
Package: hycolor 2016/05/16 v1.8 Color options for hyperref/bookmark (HO)
)
(/usr/share/texmf-dist/tex/latex/oberdiek/auxhook.sty
Package: auxhook 2016/05/16 v1.4 Hooks for auxiliary files (HO)
)
(/usr/share/texmf-dist/tex/latex/oberdiek/kvoptions.sty
Package: kvoptions 2016/05/16 v3.12 Key value format for package options (HO)
)
\@linkdim=\dimen163
\Hy@linkcounter=\count120
\Hy@pagecounter=\count121

(/usr/share/texmf-dist/tex/latex/hyperref/pd1enc.def
File: pd1enc.def 2018/02/06 v6.86b Hyperref: PDFDocEncoding definition (HO)
Now handling font encoding PD1 ...
... no UTF-8 mapping file for font encoding PD1
)
\Hy@SavedSpaceFactor=\count122

(/usr/share/texmf-dist/tex/latex/latexconfig/hyperref.cfg
File: hyperref.cfg 2002/06/06 v1.2 hyperref configuration of TeXLive
)
Package hyperref Info: Option `bookmarks' set `true' on input line 4383.
Package hyperref Info: Option `bookmarksopen' set `true' on input line 4383.
Package hyperref Info: Option `implicit' set `false' on input line 4383.
Package hyperref Info: Hyper figures OFF on input line 4509.
Package hyperref Info: Link nesting OFF on input line 4514.
Package hyperref Info: Hyper index ON on input line 4517.
Package hyperref Info: Plain pages OFF on input line 4524.
Package hyperref Info: Backreferencing OFF on input line 4529.
Package hyperref Info: Implicit mode OFF; no redefinition of LaTeX internals.
Package hyperref Info: Bookmarks ON on input line 4762.
\c@Hy@tempcnt=\count123

(/usr/share/texmf-dist/tex/latex/url/url.sty
\Urlmuskip=\muskip10
Package: url 2013/09/16  ver 3.4  Verb mode for urls, etc.
)
LaTeX Info: Redefining \url on input line 5115.
\XeTeXLinkMargin=\dimen164
\Fld@menulength=\count124
\Field@Width=\dimen165
\Fld@charsize=\dimen166
Package hyperref Info: Hyper figures OFF on input line 6369.
Package hyperref Info: Link nesting OFF on input line 6374.
Package hyperref Info: Hyper index ON on input line 6377.
Package hyperref Info: backreferencing OFF on input line 6384.
Package hyperref Info: Link coloring OFF on input line 6389.
Package hyperref Info: Link coloring with OCG OFF on input line 6394.
Package hyperref Info: PDF/A mode OFF on input line 6399.
LaTeX Info: Redefining \ref on input line 6439.
LaTeX Info: Redefining \pageref on input line 6443.
\Hy@abspage=\count125


Package hyperref Message: Stopped early.

)
Package hyperref Info: Driver (autodetected): hpdftex.
 (/usr/share/texmf-dist/tex/latex/hyperref/hpdftex.def
File: hpdftex.def 2018/02/06 v6.86b Hyperref driver for pdfTeX
\Fld@listcount=\count126
\c@bookmark@seq@number=\count127

(/usr/share/texmf-dist/tex/latex/oberdiek/rerunfilecheck.sty
Package: rerunfilecheck 2016/05/16 v1.8 Rerun checks for auxiliary files (HO)
Package uniquecounter Info: New unique counter `rerunfilecheck' on input line 2
82.
))
(/usr/share/texmf-dist/tex/latex/beamer/beamerbaserequires.sty
(/usr/share/texmf-dist/tex/latex/beamer/beamerbasecompatibility.sty)
(/usr/share/texmf-dist/tex/latex/beamer/beamerbasefont.sty
(/usr/share/texmf-dist/tex/latex/amsfonts/amssymb.sty
Package: amssymb 2013/01/14 v3.01 AMS font symbols

(/usr/share/texmf-dist/tex/latex/amsfonts/amsfonts.sty
Package: amsfonts 2013/01/14 v3.01 Basic AMSFonts support
\@emptytoks=\toks26
\symAMSa=\mathgroup4
\symAMSb=\mathgroup5
LaTeX Font Info:    Overwriting math alphabet `\mathfrak' in version `bold'
(Font)                  U/euf/m/n --> U/euf/b/n on input line 106.
))
(/usr/share/texmf-dist/tex/latex/sansmathaccent/sansmathaccent.sty
Package: sansmathaccent 2013/03/28

(/usr/share/texmf-dist/tex/latex/filehook/filehook.sty
Package: filehook 2011/10/12 v0.5d Hooks for input files
)))
(/usr/share/texmf-dist/tex/latex/beamer/beamerbasetranslator.sty
(/usr/share/texmf-dist/tex/latex/translator/translator.sty
Package: translator 2018/01/04 v1.12 Easy translation of strings in LaTeX
))
(/usr/share/texmf-dist/tex/latex/beamer/beamerbasemisc.sty)
(/usr/share/texmf-dist/tex/latex/beamer/beamerbasetwoscreens.sty)
(/usr/share/texmf-dist/tex/latex/beamer/beamerbaseoverlay.sty
\beamer@argscount=\count128
\beamer@lastskipcover=\skip44
\beamer@trivlistdepth=\count129
)
(/usr/share/texmf-dist/tex/latex/beamer/beamerbasetitle.sty)
(/usr/share/texmf-dist/tex/latex/beamer/beamerbasesection.sty
\c@lecture=\count130
\c@part=\count131
\c@section=\count132
\c@subsection=\count133
\c@subsubsection=\count134
)
(/usr/share/texmf-dist/tex/latex/beamer/beamerbaseframe.sty
\beamer@framebox=\box40
\beamer@frametitlebox=\box41
\beamer@zoombox=\box42
\beamer@zoomcount=\count135
\beamer@zoomframecount=\count136
\beamer@frametextheight=\dimen167
\c@subsectionslide=\count137
\beamer@frametopskip=\skip45
\beamer@framebottomskip=\skip46
\beamer@frametopskipautobreak=\skip47
\beamer@framebottomskipautobreak=\skip48
\beamer@envbody=\toks27
\framewidth=\dimen168
\c@framenumber=\count138
)
(/usr/share/texmf-dist/tex/latex/beamer/beamerbaseverbatim.sty
\beamer@verbatimfileout=\write4
)
(/usr/share/texmf-dist/tex/latex/beamer/beamerbaseframesize.sty
\beamer@splitbox=\box43
\beamer@autobreakcount=\count139
\beamer@autobreaklastheight=\dimen169
\beamer@frametitletoks=\toks28
\beamer@framesubtitletoks=\toks29
)
(/usr/share/texmf-dist/tex/latex/beamer/beamerbaseframecomponents.sty
\beamer@footins=\box44
)
(/usr/share/texmf-dist/tex/latex/beamer/beamerbasecolor.sty
\beamer@bg@ht=\dimen170
\beamer@bg@wd=\dimen171
\beamer@bg@dp=\dimen172
)
(/usr/share/texmf-dist/tex/latex/beamer/beamerbasenotes.sty
\beamer@frameboxcopy=\box45
)
(/usr/share/texmf-dist/tex/latex/beamer/beamerbasetoc.sty)
(/usr/share/texmf-dist/tex/latex/beamer/beamerbasetemplates.sty
\beamer@sbttoks=\toks30

(/usr/share/texmf-dist/tex/latex/beamer/beamerbaseauxtemplates.sty
(/usr/share/texmf-dist/tex/latex/beamer/beamerbaseboxes.sty
\bmb@box=\box46
\bmb@colorbox=\box47
\bmb@boxshadow=\box48
\bmb@boxshadowball=\box49
\bmb@boxshadowballlarge=\box50
\bmb@temp=\dimen173
\bmb@dima=\dimen174
\bmb@dimb=\dimen175
\bmb@prevheight=\dimen176
)
\beamer@blockheadheight=\dimen177
))
(/usr/share/texmf-dist/tex/latex/beamer/beamerbaselocalstructure.sty
(/usr/share/texmf-dist/tex/latex/tools/enumerate.sty
Package: enumerate 2015/07/23 v3.00 enumerate extensions (DPC)
\@enLab=\toks31
)
\c@figure=\count140
\c@table=\count141
\abovecaptionskip=\skip49
\belowcaptionskip=\skip50
)
(/usr/share/texmf-dist/tex/latex/beamer/beamerbasenavigation.sty
\beamer@section@min@dim=\dimen178
)
(/usr/share/texmf-dist/tex/latex/beamer/beamerbasetheorems.sty
(/usr/share/texmf-dist/tex/latex/amsmath/amsmath.sty
Package: amsmath 2017/09/02 v2.17a AMS math features
\@mathmargin=\skip51

For additional information on amsmath, use the `?' option.
(/usr/share/texmf-dist/tex/latex/amsmath/amstext.sty
Package: amstext 2000/06/29 v2.01 AMS text

(/usr/share/texmf-dist/tex/latex/amsmath/amsgen.sty
File: amsgen.sty 1999/11/30 v2.0 generic functions
\@emptytoks=\toks32
\ex@=\dimen179
))
(/usr/share/texmf-dist/tex/latex/amsmath/amsbsy.sty
Package: amsbsy 1999/11/29 v1.2d Bold Symbols
\pmbraise@=\dimen180
)
(/usr/share/texmf-dist/tex/latex/amsmath/amsopn.sty
Package: amsopn 2016/03/08 v2.02 operator names
)
\inf@bad=\count142
LaTeX Info: Redefining \frac on input line 213.
\uproot@=\count143
\leftroot@=\count144
LaTeX Info: Redefining \overline on input line 375.
\classnum@=\count145
\DOTSCASE@=\count146
LaTeX Info: Redefining \ldots on input line 472.
LaTeX Info: Redefining \dots on input line 475.
LaTeX Info: Redefining \cdots on input line 596.
\Mathstrutbox@=\box51
\strutbox@=\box52
\big@size=\dimen181
LaTeX Font Info:    Redeclaring font encoding OML on input line 712.
LaTeX Font Info:    Redeclaring font encoding OMS on input line 713.
\macc@depth=\count147
\c@MaxMatrixCols=\count148
\dotsspace@=\muskip11
\c@parentequation=\count149
\dspbrk@lvl=\count150
\tag@help=\toks33
\row@=\count151
\column@=\count152
\maxfields@=\count153
\andhelp@=\toks34
\eqnshift@=\dimen182
\alignsep@=\dimen183
\tagshift@=\dimen184
\tagwidth@=\dimen185
\totwidth@=\dimen186
\lineht@=\dimen187
\@envbody=\toks35
\multlinegap=\skip52
\multlinetaggap=\skip53
\mathdisplay@stack=\toks36
LaTeX Info: Redefining \[ on input line 2817.
LaTeX Info: Redefining \] on input line 2818.
)
(/usr/share/texmf-dist/tex/latex/amscls/amsthm.sty
Package: amsthm 2017/10/31 v2.20.4
\thm@style=\toks37
\thm@bodyfont=\toks38
\thm@headfont=\toks39
\thm@notefont=\toks40
\thm@headpunct=\toks41
\thm@preskip=\skip54
\thm@postskip=\skip55
\thm@headsep=\skip56
\dth@everypar=\toks42
)
\c@theorem=\count154
)
(/usr/share/texmf-dist/tex/latex/beamer/beamerbasethemes.sty))
(/usr/share/texmf-dist/tex/latex/beamer/beamerthemedefault.sty
(/usr/share/texmf-dist/tex/latex/beamer/beamerfontthemedefault.sty)
(/usr/share/texmf-dist/tex/latex/beamer/beamercolorthemedefault.sty)
(/usr/share/texmf-dist/tex/latex/beamer/beamerinnerthemedefault.sty
\beamer@dima=\dimen188
\beamer@dimb=\dimen189
)
(/usr/share/texmf-dist/tex/latex/beamer/beamerouterthemedefault.sty)))
(/usr/share/texmf-dist/tex/latex/listings/listings.sty
\lst@mode=\count155
\lst@gtempboxa=\box53
\lst@token=\toks43
\lst@length=\count156
\lst@currlwidth=\dimen190
\lst@column=\count157
\lst@pos=\count158
\lst@lostspace=\dimen191
\lst@width=\dimen192
\lst@newlines=\count159
\lst@lineno=\count160
\lst@maxwidth=\dimen193

(/usr/share/texmf-dist/tex/latex/listings/lstmisc.sty
File: lstmisc.sty 2015/06/04 1.6 (Carsten Heinz)
\c@lstnumber=\count161
\lst@skipnumbers=\count162
\lst@framebox=\box54
)
(/usr/share/texmf-dist/tex/latex/listings/listings.cfg
File: listings.cfg 2015/06/04 1.6 listings configuration
))
Package: listings 2015/06/04 1.6 (Carsten Heinz)

(../../common/preamble.tex (/usr/share/texmf-dist/tex/latex/base/inputenc.sty
Package: inputenc 2018/04/06 v1.3b Input encoding file
\inpenc@prehook=\toks44
\inpenc@posthook=\toks45
)
(/usr/share/texmf-dist/tex/latex/parskip/parskip.sty
Package: parskip 2001/04/09 non-zero parskip adjustments
)
(/usr/share/texmf-dist/tex/latex/booktabs/booktabs.sty
Package: booktabs 2016/04/27 v1.618033 publication quality tables
\heavyrulewidth=\dimen194
\lightrulewidth=\dimen195
\cmidrulewidth=\dimen196
\belowrulesep=\dimen197
\belowbottomsep=\dimen198
\aboverulesep=\dimen199
\abovetopsep=\dimen256
\cmidrulesep=\dimen257
\cmidrulekern=\dimen258
\defaultaddspace=\dimen259
\@cmidla=\count163
\@cmidlb=\count164
\@aboverulesep=\dimen260
\@belowrulesep=\dimen261
\@thisruleclass=\count165
\@lastruleclass=\count166
\@thisrulewidth=\dimen262
)
(/usr/share/texmf-dist/tex/latex/tools/array.sty
Package: array 2018/04/07 v2.4g Tabular extension package (FMi)
\col@sep=\dimen263
\ar@mcellbox=\box55
\extrarowheight=\dimen264
\NC@list=\toks46
\extratabsurround=\skip57
\backup@length=\skip58
\ar@cellbox=\box56
)
(/usr/share/texmf-dist/tex/latex/tools/verbatim.sty
Package: verbatim 2014/10/28 v1.5q LaTeX2e package for verbatim enhancements
\every@verbatim=\toks47
\verbatim@line=\toks48
\verbatim@in@stream=\read2
)
(/usr/share/texmf-dist/tex/latex/mathtools/mathtools.sty
Package: mathtools 2018/01/08 v1.21 mathematical typesetting tools

(/usr/share/texmf-dist/tex/latex/tools/calc.sty
Package: calc 2017/05/25 v4.3 Infix arithmetic (KKT,FJ)
\calc@Acount=\count167
\calc@Bcount=\count168
\calc@Adimen=\dimen265
\calc@Bdimen=\dimen266
\calc@Askip=\skip59
\calc@Bskip=\skip60
LaTeX Info: Redefining \setlength on input line 80.
LaTeX Info: Redefining \addtolength on input line 81.
\calc@Ccount=\count169
\calc@Cskip=\skip61
)
(/usr/share/texmf-dist/tex/latex/mathtools/mhsetup.sty
Package: mhsetup 2017/03/31 v1.3 programming setup (MH)
)
LaTeX Info: Thecontrolsequence`\('isalreadyrobust on input line 129.
LaTeX Info: Thecontrolsequence`\)'isalreadyrobust on input line 129.
LaTeX Info: Thecontrolsequence`\['isalreadyrobust on input line 129.
LaTeX Info: Thecontrolsequence`\]'isalreadyrobust on input line 129.
\g_MT_multlinerow_int=\count170
\l_MT_multwidth_dim=\dimen267
\origjot=\skip62
\l_MT_shortvdotswithinadjustabove_dim=\dimen268
\l_MT_shortvdotswithinadjustbelow_dim=\dimen269
\l_MT_above_intertext_sep=\dimen270
\l_MT_below_intertext_sep=\dimen271
\l_MT_above_shortintertext_sep=\dimen272
\l_MT_below_shortintertext_sep=\dimen273
)
(/usr/share/texmf-dist/tex/latex/IEEEtran/IEEEtrantools.sty
Package: IEEEtrantools 2015/08/26 V1.5 by Michael Shell

-- See the "IEEEtrantools_doc.txt" manual for usage information.
-- http://www.michaelshell.org/tex/ieeetran/tools/
\@IEEEtrantmpdimenA=\dimen274
\@IEEEtrantmpdimenB=\dimen275
\@IEEEtrantmpdimenC=\dimen276
\@IEEEtrantmpcountA=\count171
\@IEEEtrantmpcountB=\count172
\@IEEEtrantmpcountC=\count173
\@IEEEtrantmptoksA=\toks49
\IEEEnormaljot=\dimen277
\IEEEquantizedlength=\dimen278
\IEEEquantizedlengthdiff=\dimen279
\IEEEquantizedtextheightdiff=\dimen280
\IEEEilabelindentA=\dimen281
\IEEEilabelindentB=\dimen282
\IEEEilabelindent=\dimen283
\IEEEelabelindent=\dimen284
\IEEEdlabelindent=\dimen285
\IEEElabelindent=\dimen286
\IEEEiednormlabelsep=\dimen287
\IEEEiedmathlabelsep=\dimen288
\IEEEiedtopsep=\skip63
\c@IEEEsubequation=\count174
\@IEEEeqnnumcols=\count175
\@IEEEeqncolcnt=\count176
\@IEEEsubeqnnumrollback=\count177
\IEEEPARstartletwidth=\dimen289
) (/usr/share/texmf-dist/tex/latex/pbox/pbox.sty
Package: pbox 2011/12/07 v1.2 Dynamic parboxes

(/usr/share/texmf-dist/tex/latex/base/ifthen.sty
Package: ifthen 2014/09/29 v1.1c Standard LaTeX ifthen package (DPC)
)
\pb@xlen=\skip64
)
(/usr/share/texmf-dist/tex/latex/multirow/multirow.sty
Package: multirow 2016/11/25 v2.2 Span multiple rows of a table
\multirow@colwidth=\skip65
\multirow@cntb=\count178
\multirow@dima=\skip66
\bigstrutjot=\dimen290
)
(/usr/share/texmf-dist/tex/latex/multirow/bigdelim.sty
Package: bigdelim 2016/11/25 v2.2 Create big delimiters in tabular or array
)
(/usr/share/texmf-dist/tex/latex/lettrine/lettrine.sty
File: lettrine.sty 2015/08/31 v1.9 (Daniel Flipo)
\c@DefaultLines=\count179
\c@DefaultDepth=\count180
\DefaultFindent=\dimen291
\DefaultNindent=\dimen292
\DefaultSlope=\dimen293
\DiscardVskip=\dimen294
\L@lbox=\box57
\L@tbox=\box58
\c@L@lines=\count181
\c@L@depth=\count182
\L@Pindent=\dimen295
\L@Findent=\dimen296
\L@Nindent=\dimen297
\L@lraise=\dimen298
\L@first=\dimen299
\L@next=\dimen300
\L@slope=\dimen301
\L@height=\dimen302
\L@novskip=\dimen303
\LettrineWidth=\dimen304
\LettrineHeight=\dimen305
\LettrineDepth=\dimen306

Loading lettrine.cfg
(/usr/share/texmf-dist/tex/latex/lettrine/lettrine.cfg))
(/usr/share/texmf-dist/tex/latex/mathpartir/mathpartir.sty
Package: mathpartir 2016/02/24 version 1.3.2 Math Paragraph for Typesetting Inf
erence Rules
\mpr@andskip=\skip67
\mpr@lista=\toks50
\mpr@listb=\toks51
\mpr@hlist=\box59
\mpr@vlist=\box60
\mpr@right=\box61
)
(/usr/share/texmf-dist/tex/latex/cmll/cmll.sty
Package: cmll 2010/04/20 Linear Logic symbols for Computer Modern
\symllsymbols=\mathgroup6
LaTeX Font Info:    Overwriting symbol font `llsymbols' in version `bold'
(Font)                  U/cmllr/m/n --> U/cmllr/bx/n on input line 49.
)
(/usr/share/texmf-dist/tex/latex/stmaryrd/stmaryrd.sty
Package: stmaryrd 1994/03/03 St Mary's Road symbol package
\symstmry=\mathgroup7
LaTeX Font Info:    Overwriting symbol font `stmry' in version `bold'
(Font)                  U/stmry/m/n --> U/stmry/b/n on input line 89.
)
\symmathb=\mathgroup8

(/usr/share/texmf-dist/tex/latex/pgf/frontendlayer/tikz.sty
(/usr/share/texmf-dist/tex/latex/pgf/basiclayer/pgf.sty
Package: pgf 2015/08/07 v3.0.1a (rcs-revision 1.15)

(/usr/share/texmf-dist/tex/generic/pgf/modules/pgfmoduleshapes.code.tex
File: pgfmoduleshapes.code.tex 2014/03/21  (rcs-revision 1.35)
\pgfnodeparttextbox=\box62
)
(/usr/share/texmf-dist/tex/generic/pgf/modules/pgfmoduleplot.code.tex
File: pgfmoduleplot.code.tex 2015/08/03  (rcs-revision 1.13)
)
(/usr/share/texmf-dist/tex/latex/pgf/compatibility/pgfcomp-version-0-65.sty
Package: pgfcomp-version-0-65 2007/07/03 v3.0.1a (rcs-revision 1.7)
\pgf@nodesepstart=\dimen307
\pgf@nodesepend=\dimen308
)
(/usr/share/texmf-dist/tex/latex/pgf/compatibility/pgfcomp-version-1-18.sty
Package: pgfcomp-version-1-18 2007/07/23 v3.0.1a (rcs-revision 1.1)
))
(/usr/share/texmf-dist/tex/latex/pgf/utilities/pgffor.sty
(/usr/share/texmf-dist/tex/latex/pgf/utilities/pgfkeys.sty
(/usr/share/texmf-dist/tex/generic/pgf/utilities/pgfkeys.code.tex))
(/usr/share/texmf-dist/tex/latex/pgf/math/pgfmath.sty
(/usr/share/texmf-dist/tex/generic/pgf/math/pgfmath.code.tex))
(/usr/share/texmf-dist/tex/generic/pgf/utilities/pgffor.code.tex
Package: pgffor 2013/12/13 v3.0.1a (rcs-revision 1.25)

(/usr/share/texmf-dist/tex/generic/pgf/math/pgfmath.code.tex)
\pgffor@iter=\dimen309
\pgffor@skip=\dimen310
\pgffor@stack=\toks52
\pgffor@toks=\toks53
))
(/usr/share/texmf-dist/tex/generic/pgf/frontendlayer/tikz/tikz.code.tex
Package: tikz 2015/08/07 v3.0.1a (rcs-revision 1.151)

(/usr/share/texmf-dist/tex/generic/pgf/libraries/pgflibraryplothandlers.code.te
x
File: pgflibraryplothandlers.code.tex 2013/08/31 v3.0.1a (rcs-revision 1.20)
\pgf@plot@mark@count=\count183
\pgfplotmarksize=\dimen311
)
\tikz@lastx=\dimen312
\tikz@lasty=\dimen313
\tikz@lastxsaved=\dimen314
\tikz@lastysaved=\dimen315
\tikzleveldistance=\dimen316
\tikzsiblingdistance=\dimen317
\tikz@figbox=\box63
\tikz@figbox@bg=\box64
\tikz@tempbox=\box65
\tikz@tempbox@bg=\box66
\tikztreelevel=\count184
\tikznumberofchildren=\count185
\tikznumberofcurrentchild=\count186
\tikz@fig@count=\count187
 (/usr/share/texmf-dist/tex/generic/pgf/modules/pgfmodulematrix.code.tex
File: pgfmodulematrix.code.tex 2013/09/17  (rcs-revision 1.8)
\pgfmatrixcurrentrow=\count188
\pgfmatrixcurrentcolumn=\count189
\pgf@matrix@numberofcolumns=\count190
)
\tikz@expandcount=\count191

(/usr/share/texmf-dist/tex/generic/pgf/frontendlayer/tikz/libraries/tikzlibrary
topaths.code.tex
File: tikzlibrarytopaths.code.tex 2008/06/17 v3.0.1a (rcs-revision 1.2)
)))
(/usr/share/texmf-dist/tex/generic/tikz-cd/tikzlibrarycd.code.tex
(/usr/share/texmf-dist/tex/generic/pgf/frontendlayer/tikz/libraries/tikzlibrary
matrix.code.tex
File: tikzlibrarymatrix.code.tex 2013/07/12 v3.0.1a (rcs-revision 1.4)
)
(/usr/share/texmf-dist/tex/generic/pgf/frontendlayer/tikz/libraries/tikzlibrary
quotes.code.tex
File: tikzlibraryquotes.code.tex 2014/03/21 v3.0.1a (rcs-revision 1.4)
)
(/usr/share/texmf-dist/tex/generic/pgf/libraries/pgflibraryarrows.meta.code.tex
File: pgflibraryarrows.meta.code.tex 2015/05/13 v3.0.1a (rcs-revision 1.13)
\pgfarrowinset=\dimen318
\pgfarrowlength=\dimen319
\pgfarrowwidth=\dimen320
\pgfarrowlinewidth=\dimen321
))
(/usr/share/texmf-dist/tex/generic/pgf/frontendlayer/tikz/libraries/tikzlibrary
patterns.code.tex
File: tikzlibrarypatterns.code.tex 2008/01/15 v3.0.1a (rcs-revision 1.2)

(/usr/share/texmf-dist/tex/generic/pgf/libraries/pgflibrarypatterns.code.tex
File: pgflibrarypatterns.code.tex 2008/03/03 v3.0.1a (rcs-revision 1.13)
))
(/usr/share/texmf-dist/tex/generic/pgf/frontendlayer/tikz/libraries/tikzlibrary
calc.code.tex
File: tikzlibrarycalc.code.tex 2013/07/15 v3.0.1a (rcs-revision 1.9)
)
(/usr/share/texmf-dist/tex/generic/pgf/frontendlayer/tikz/libraries/tikzlibrary
decorations.pathmorphing.code.tex
(/usr/share/texmf-dist/tex/generic/pgf/frontendlayer/tikz/libraries/tikzlibrary
decorations.code.tex
(/usr/share/texmf-dist/tex/generic/pgf/modules/pgfmoduledecorations.code.tex
\pgfdecoratedcompleteddistance=\dimen322
\pgfdecoratedremainingdistance=\dimen323
\pgfdecoratedinputsegmentcompleteddistance=\dimen324
\pgfdecoratedinputsegmentremainingdistance=\dimen325
\pgf@decorate@distancetomove=\dimen326
\pgf@decorate@repeatstate=\count192
\pgfdecorationsegmentamplitude=\dimen327
\pgfdecorationsegmentlength=\dimen328
)
\tikz@lib@dec@box=\box67
)
(/usr/share/texmf-dist/tex/generic/pgf/libraries/decorations/pgflibrarydecorati
ons.pathmorphing.code.tex))
(/usr/share/texmf-dist/tex/latex/answers/answers.sty
Package: answers 2014/08/24 v2.16 Production of solution sheets in LaTeX2e
)
\c@exercise=\count193
\c@answerthm=\count194

WARNING: environment answerthm already in use
(/usr/share/texmf-dist/tex/latex/xifthen/xifthen.sty
Package: xifthen 2015/11/05 v1.4.0 Extended ifthen features

(/usr/share/texmf-dist/tex/latex/ifmtarg/ifmtarg.sty
Package: ifmtarg 2009/09/02 v1.2a check for an empty argument
))
(/usr/share/texmf-dist/tex/latex/tools/xspace.sty
Package: xspace 2014/10/28 v1.13 Space after command names (DPC,MH)
)
\overlongequation=\box68
\arrow=\skip68
LaTeX Font Info:    Try loading font information for U+msa on input line 331.

(/usr/share/texmf-dist/tex/latex/amsfonts/umsa.fd
File: umsa.fd 2013/01/14 v3.01 AMS symbols A
)
LaTeX Font Info:    Try loading font information for U+msb on input line 331.

(/usr/share/texmf-dist/tex/latex/amsfonts/umsb.fd
File: umsb.fd 2013/01/14 v3.01 AMS symbols B
)
LaTeX Font Info:    Try loading font information for U+cmllr on input line 331.


(/usr/share/texmf-dist/tex/latex/cmll/ucmllr.fd)
LaTeX Font Info:    Try loading font information for U+stmry on input line 331.


(/usr/share/texmf-dist/tex/latex/stmaryrd/Ustmry.fd)
(/usr/share/texmf-dist/tex/latex/everypage/everypage.sty
Package: everypage 2007/06/20 1.1 Hooks to run on every page
)
(/usr/share/texmf-dist/tex/latex/environ/environ.sty
Package: environ 2014/05/04 v0.3 A new way to define environments

(/usr/share/texmf-dist/tex/latex/trimspaces/trimspaces.sty
Package: trimspaces 2009/09/17 v1.1 Trim spaces around a token list
))
(/usr/share/texmf-dist/tex/latex/oberdiek/pdflscape.sty
Package: pdflscape 2016/05/14 v0.11 Display of landscape pages in PDF (HO)

(/usr/share/texmf-dist/tex/latex/graphics/lscape.sty
Package: lscape 2000/10/22 v3.01 Landscape Pages (DPC)
)
Package pdflscape Info: Auto-detected driver: pdftex on input line 81.
)
\c@abspage=\count195
\gnBoxA=\box69
\gnCornerHgt=\dimen329
\gnArgHgt=\dimen330
)

Package hyperref Warning: Token not allowed in a PDF string (PDFDocEncoding):
(hyperref)                removing `math shift' on input line 23.


Package hyperref Warning: Token not allowed in a PDF string (PDFDocEncoding):
(hyperref)                removing `\@@underline' on input line 23.


Package hyperref Warning: Token not allowed in a PDF string (PDFDocEncoding):
(hyperref)                removing `\hbox' on input line 23.


Package hyperref Warning: Token not allowed in a PDF string (PDFDocEncoding):
(hyperref)                removing `\mathsurround' on input line 23.


Package hyperref Warning: Token not allowed in a PDF string (PDFDocEncoding):
(hyperref)                removing `\z@' on input line 23.


Package hyperref Warning: Token not allowed in a PDF string (PDFDocEncoding):
(hyperref)                removing `math shift' on input line 23.

(./presentation.aux)
\openout1 = `presentation.aux'.

LaTeX Font Info:    Checking defaults for OML/cmm/m/it on input line 25.
LaTeX Font Info:    ... okay on input line 25.
LaTeX Font Info:    Checking defaults for T1/cmr/m/n on input line 25.
LaTeX Font Info:    ... okay on input line 25.
LaTeX Font Info:    Checking defaults for OT1/cmr/m/n on input line 25.
LaTeX Font Info:    ... okay on input line 25.
LaTeX Font Info:    Checking defaults for OMS/cmsy/m/n on input line 25.
LaTeX Font Info:    ... okay on input line 25.
LaTeX Font Info:    Checking defaults for OMX/cmex/m/n on input line 25.
LaTeX Font Info:    ... okay on input line 25.
LaTeX Font Info:    Checking defaults for U/cmr/m/n on input line 25.
LaTeX Font Info:    ... okay on input line 25.
LaTeX Font Info:    Checking defaults for PD1/pdf/m/n on input line 25.
LaTeX Font Info:    ... okay on input line 25.

*geometry* driver: auto-detecting
*geometry* detected driver: pdftex
*geometry* verbose mode - [ preamble ] result:
* driver: pdftex
* paper: custom
* layout: <same size as paper>
* layoutoffset:(h,v)=(0.0pt,0.0pt)
* modes: includehead includefoot 
* h-part:(L,W,R)=(28.45274pt, 307.28987pt, 28.45274pt)
* v-part:(T,H,B)=(0.0pt, 273.14662pt, 0.0pt)
* \paperwidth=364.19536pt
* \paperheight=273.14662pt
* \textwidth=307.28987pt
* \textheight=244.6939pt
* \oddsidemargin=-43.81725pt
* \evensidemargin=-43.81725pt
* \topmargin=-72.26999pt
* \headheight=14.22636pt
* \headsep=0.0pt
* \topskip=11.0pt
* \footskip=14.22636pt
* \marginparwidth=4.0pt
* \marginparsep=10.0pt
* \columnsep=10.0pt
* \skip\footins=10.0pt plus 4.0pt minus 2.0pt
* \hoffset=0.0pt
* \voffset=0.0pt
* \mag=1000
* \@twocolumnfalse
* \@twosidefalse
* \@mparswitchfalse
* \@reversemarginfalse
* (1in=72.27pt=25.4mm, 1cm=28.453pt)

(/usr/share/texmf-dist/tex/context/base/mkii/supp-pdf.mkii
[Loading MPS to PDF converter (version 2006.09.02).]
\scratchcounter=\count196
\scratchdimen=\dimen331
\scratchbox=\box70
\nofMPsegments=\count197
\nofMParguments=\count198
\everyMPshowfont=\toks54
\MPscratchCnt=\count199
\MPscratchDim=\dimen332
\MPnumerator=\count266
\makeMPintoPDFobject=\count267
\everyMPtoPDFconversion=\toks55
) (/usr/share/texmf-dist/tex/latex/oberdiek/epstopdf-base.sty
Package: epstopdf-base 2016/05/15 v2.6 Base part for package epstopdf

(/usr/share/texmf-dist/tex/latex/oberdiek/grfext.sty
Package: grfext 2016/05/16 v1.2 Manage graphics extensions (HO)
)
Package epstopdf-base Info: Redefining graphics rule for `.eps' on input line 4
38.
Package grfext Info: Graphics extension search list:
(grfext)             [.pdf,.png,.jpg,.mps,.jpeg,.jbig2,.jb2,.PDF,.PNG,.JPG,.JPE
G,.JBIG2,.JB2,.eps]
(grfext)             \AppendGraphicsExtensions on input line 456.

(/usr/share/texmf-dist/tex/latex/latexconfig/epstopdf-sys.cfg
File: epstopdf-sys.cfg 2010/07/13 v1.3 Configuration of (r)epstopdf for TeX Liv
e
))
ABD: EveryShipout initializing macros
\AtBeginShipoutBox=\box71
Package hyperref Info: Link coloring OFF on input line 25.

(/usr/share/texmf-dist/tex/latex/hyperref/nameref.sty
Package: nameref 2016/05/21 v2.44 Cross-referencing by name of section

(/usr/share/texmf-dist/tex/generic/oberdiek/gettitlestring.sty
Package: gettitlestring 2016/05/16 v1.5 Cleanup title references (HO)
)
\c@section@level=\count268
)
LaTeX Info: Redefining \ref on input line 25.
LaTeX Info: Redefining \pageref on input line 25.
LaTeX Info: Redefining \nameref on input line 25.

(./presentation.out) (./presentation.out)
\@outlinefile=\write5
\openout5 = `presentation.out'.

LaTeX Font Info:    Overwriting symbol font `operators' in version `normal'
(Font)                  OT1/cmr/m/n --> OT1/cmss/m/n on input line 25.
LaTeX Font Info:    Overwriting symbol font `operators' in version `bold'
(Font)                  OT1/cmr/bx/n --> OT1/cmss/bx/n on input line 25.
\symnumbers=\mathgroup9
\sympureletters=\mathgroup10
LaTeX Font Info:    Overwriting math alphabet `\mathrm' in version `normal'
(Font)                  OT1/cmss/m/n --> OT1/cmr/m/n on input line 25.
LaTeX Font Info:    Redeclaring math alphabet \mathbf on input line 25.
LaTeX Font Info:    Overwriting math alphabet `\mathbf' in version `normal'
(Font)                  OT1/cmr/bx/n --> OT1/cmss/bx/n on input line 25.
LaTeX Font Info:    Overwriting math alphabet `\mathbf' in version `bold'
(Font)                  OT1/cmr/bx/n --> OT1/cmss/bx/n on input line 25.
LaTeX Font Info:    Redeclaring math alphabet \mathsf on input line 25.
LaTeX Font Info:    Overwriting math alphabet `\mathsf' in version `normal'
(Font)                  OT1/cmss/m/n --> OT1/cmss/m/n on input line 25.
LaTeX Font Info:    Overwriting math alphabet `\mathsf' in version `bold'
(Font)                  OT1/cmss/bx/n --> OT1/cmss/m/n on input line 25.
LaTeX Font Info:    Redeclaring math alphabet \mathit on input line 25.
LaTeX Font Info:    Overwriting math alphabet `\mathit' in version `normal'
(Font)                  OT1/cmr/m/it --> OT1/cmss/m/it on input line 25.
LaTeX Font Info:    Overwriting math alphabet `\mathit' in version `bold'
(Font)                  OT1/cmr/bx/it --> OT1/cmss/m/it on input line 25.
LaTeX Font Info:    Redeclaring math alphabet \mathtt on input line 25.
LaTeX Font Info:    Overwriting math alphabet `\mathtt' in version `normal'
(Font)                  OT1/cmtt/m/n --> OT1/cmtt/m/n on input line 25.
LaTeX Font Info:    Overwriting math alphabet `\mathtt' in version `bold'
(Font)                  OT1/cmtt/m/n --> OT1/cmtt/m/n on input line 25.
LaTeX Font Info:    Overwriting symbol font `numbers' in version `bold'
(Font)                  OT1/cmss/m/n --> OT1/cmss/bx/n on input line 25.
LaTeX Font Info:    Overwriting symbol font `pureletters' in version `bold'
(Font)                  OT1/cmss/m/it --> OT1/cmss/bx/it on input line 25.
LaTeX Font Info:    Overwriting math alphabet `\mathrm' in version `bold'
(Font)                  OT1/cmss/bx/n --> OT1/cmr/bx/n on input line 25.
LaTeX Font Info:    Overwriting math alphabet `\mathbf' in version `bold'
(Font)                  OT1/cmss/bx/n --> OT1/cmss/bx/n on input line 25.
LaTeX Font Info:    Overwriting math alphabet `\mathsf' in version `bold'
(Font)                  OT1/cmss/m/n --> OT1/cmss/bx/n on input line 25.
LaTeX Font Info:    Overwriting math alphabet `\mathit' in version `bold'
(Font)                  OT1/cmss/m/it --> OT1/cmss/bx/it on input line 25.
LaTeX Font Info:    Overwriting math alphabet `\mathtt' in version `bold'
(Font)                  OT1/cmtt/m/n --> OT1/cmtt/bx/n on input line 25.
LaTeX Font Info:    Redeclaring symbol font `pureletters' on input line 25.
LaTeX Font Info:    Overwriting symbol font `pureletters' in version `normal'
(Font)                  OT1/cmss/m/it --> OT1/mathkerncmss/m/sl on input line 2
5.
LaTeX Font Info:    Overwriting symbol font `pureletters' in version `bold'
(Font)                  OT1/cmss/bx/it --> OT1/mathkerncmss/m/sl on input line 
25.
LaTeX Font Info:    Overwriting symbol font `pureletters' in version `bold'
(Font)                  OT1/mathkerncmss/m/sl --> OT1/mathkerncmss/bx/sl on inp
ut line 25.

(/usr/share/texmf-dist/tex/latex/translator/translator-basic-dictionary-English
.dict
Dictionary: translator-basic-dictionary, Language: English 
)
(/usr/share/texmf-dist/tex/latex/translator/translator-bibliography-dictionary-
English.dict
Dictionary: translator-bibliography-dictionary, Language: English 
)
(/usr/share/texmf-dist/tex/latex/translator/translator-environment-dictionary-E
nglish.dict
Dictionary: translator-environment-dictionary, Language: English 
)
(/usr/share/texmf-dist/tex/latex/translator/translator-months-dictionary-Englis
h.dict
Dictionary: translator-months-dictionary, Language: English 
)
(/usr/share/texmf-dist/tex/latex/translator/translator-numbers-dictionary-Engli
sh.dict
Dictionary: translator-numbers-dictionary, Language: English 
)
(/usr/share/texmf-dist/tex/latex/translator/translator-theorem-dictionary-Engli
sh.dict
Dictionary: translator-theorem-dictionary, Language: English 
)
\c@lstlisting=\count269
 (./presentation.nav)
LaTeX Font Info:    Try loading font information for OT1+mathkerncmss on input 
line 55.

(/usr/share/texmf-dist/tex/latex/sansmathaccent/ot1mathkerncmss.fd
File: ot1mathkerncmss.fd 2013/03/27 Fontinst v1.933 font definitions for OT1/ma
thkerncmss.
) [1

{/var/lib/texmf/fonts/map/pdftex/updmap/pdftex.map}] [2

] [3

] [4

] [5

]
\openout4 = `presentation.vrb'.

 (./presentation.vrb
LaTeX Font Info:    Try loading font information for OMS+cmss on input line 11.

LaTeX Font Info:    No file OMScmss.fd. on input line 11.

LaTeX Font Warning: Font shape `OMS/cmss/m/n' undefined
(Font)              using `OMS/cmsy/m/n' instead
(Font)              for symbol `textbraceleft' on input line 11.


Overfull \hbox (12.9332pt too wide) in paragraph at lines 20--21
[][][][][][][][][][] 
 []

) [6

] (./presentation.vrb
Overfull \hbox (12.9332pt too wide) in paragraph at lines 20--21
[][][][][][][][][][] 
 []

) [7

] (./presentation.vrb
Overfull \hbox (12.9332pt too wide) in paragraph at lines 20--21
[][][][][][][][][][] 
 []

) [8

] [9

]
\tf@nav=\write6
\openout6 = `presentation.nav'.

\tf@toc=\write7
\openout7 = `presentation.toc'.

\tf@snm=\write8
\openout8 = `presentation.snm'.

Package atveryend Info: Empty hook `BeforeClearDocument' on input line 90.
Package atveryend Info: Empty hook `AfterLastShipout' on input line 90.
 (./presentation.aux)
Package atveryend Info: Executing hook `AtVeryEndDocument' on input line 90.
Package atveryend Info: Executing hook `AtEndAfterFileList' on input line 90.
Package rerunfilecheck Info: File `presentation.out' has not changed.
(rerunfilecheck)             Checksum: 6A24720BB5065E08C46FD14D07911C0C;59.


LaTeX Font Warning: Some font shapes were not available, defaults substituted.

 ) 
Here is how much of TeX's memory you used:
 24925 strings out of 492649
 485897 string characters out of 6135779
 577532 words of memory out of 5000000
 28188 multiletter control sequences out of 15000+600000
 14843 words of font info for 59 fonts, out of 8000000 for 9000
 1141 hyphenation exceptions out of 8191
 56i,14n,83p,775b,1357s stack positions out of 5000i,500n,10000p,200000b,80000s
</usr/share/texmf-dist/fonts/type1/public/amsfonts/cm/cmmi10.pfb></usr/share/
texmf-dist/fonts/type1/public/amsfonts/cm/cmss10.pfb></usr/share/texmf-dist/fon
ts/type1/public/amsfonts/cm/cmss12.pfb></usr/share/texmf-dist/fonts/type1/publi
c/amsfonts/cm/cmss8.pfb></usr/share/texmf-dist/fonts/type1/public/amsfonts/cm/c
mssi10.pfb></usr/share/texmf-dist/fonts/type1/public/amsfonts/cm/cmssi8.pfb></u
sr/share/texmf-dist/fonts/type1/public/amsfonts/cm/cmsy10.pfb></usr/share/texmf
-dist/fonts/type1/public/amsfonts/cm/cmsy8.pfb></usr/share/texmf-dist/fonts/typ
e1/public/amsfonts/cm/cmtt10.pfb>
Output written on presentation.pdf (9 pages, 96446 bytes).
PDF statistics:
 294 PDF objects out of 1000 (max. 8388607)
 265 compressed objects within 3 object streams
 20 named destinations out of 1000 (max. 500000)
 51 words of extra memory for PDF output out of 10000 (max. 10000000)

