This is pdfTeX, Version 3.14159265-2.6-1.40.17 (TeX Live 2016/Arch Linux) (preloaded format=pdflatex 2016.8.21)  11 OCT 2016 16:05
entering extended mode
 restricted \write18 enabled.
 %&-line parsing enabled.
**preamble
(./preamble.tex
LaTeX2e <2016/03/31> patch level 3
Babel <3.9r> and hyphenation patterns for 83 language(s) loaded.
(/usr/share/texmf-dist/tex/latex/base/article.cls
Document Class: article 2014/09/29 v1.4h Standard LaTeX document class
(/usr/share/texmf-dist/tex/latex/base/size11.clo
File: size11.clo 2014/09/29 v1.4h Standard LaTeX file (size option)
)
\c@part=\count79
\c@section=\count80
\c@subsection=\count81
\c@subsubsection=\count82
\c@paragraph=\count83
\c@subparagraph=\count84
\c@figure=\count85
\c@table=\count86
\abovecaptionskip=\skip41
\belowcaptionskip=\skip42
\bibindent=\dimen102
) (../common/preamble.tex

! LaTeX Error: Two \documentclass or \documentstyle commands.

See the LaTeX manual or LaTeX Companion for explanation.
Type  H <return>  for immediate help.
 ...                                              
                                                  
l.1 \documentclass[11pt]{
                         article} % use larger type; default would be 10pt
? q
OK, entering \batchmode...
 (../common/preamble.tex

! LaTeX Error: Two \documentclass or \documentstyle commands.

See the LaTeX manual or LaTeX Companion for explanation.
Type  H <return>  for immediate help.
 ...                                              
                                                  
l.1 \documentclass[11pt]{
                         article} % use larger type; default would be 10pt
The document may only declare one class.

 (../common/preamble.tex

! LaTeX Error: Two \documentclass or \documentstyle commands.

See the LaTeX manual or LaTeX Companion for explanation.
Type  H <return>  for immediate help.
 ...                                              
                                                  
l.1 \documentclass[11pt]{
                         article} % use larger type; default would be 10pt
The document may only declare one class.

 (../common/preamble.tex

! LaTeX Error: Two \documentclass or \documentstyle commands.

See the LaTeX manual or LaTeX Companion for explanation.
Type  H <return>  for immediate help.
 ...                                              
                                                  
l.1 \documentclass[11pt]{
                         article} % use larger type; default would be 10pt
The document may only declare one class.

 (../common/preamble.tex

! LaTeX Error: Two \documentclass or \documentstyle commands.

See the LaTeX manual or LaTeX Companion for explanation.
Type  H <return>  for immediate help.
 ...                                              
                                                  
l.1 \documentclass[11pt]{
                         article} % use larger type; default would be 10pt
The document may only declare one class.

 (../common/preamble.tex

! LaTeX Error: Two \documentclass or \documentstyle commands.

See the LaTeX manual or LaTeX Companion for explanation.
Type  H <return>  for immediate help.
 ...                                              
                                                  
l.1 \documentclass[11pt]{
                         article} % use larger type; default would be 10pt
The document may only declare one class.

 (../common/preamble.tex

! LaTeX Error: Two \documentclass or \documentstyle commands.

See the LaTeX manual or LaTeX Companion for explanation.
Type  H <return>  for immediate help.
 ...                                              
                                                  
l.1 \documentclass[11pt]{
                         article} % use larger type; default would be 10pt
The document may only declare one class.

 (../common/preamble.tex

! LaTeX Error: Two \documentclass or \documentstyle commands.

See the LaTeX manual or LaTeX Companion for explanation.
Type  H <return>  for immediate help.
 ...                                              
                                                  
l.1 \documentclass[11pt]{
                         article} % use larger type; default would be 10pt
The document may only declare one class.

 (../common/preamble.tex

! LaTeX Error: Two \documentclass or \documentstyle commands.

See the LaTeX manual or LaTeX Companion for explanation.
Type  H <return>  for immediate help.
 ...                                              
                                                  
l.1 \documentclass[11pt]{
                         article} % use larger type; default would be 10pt
The document may only declare one class.

 (../common/preamble.tex

! LaTeX Error: Two \documentclass or \documentstyle commands.

See the LaTeX manual or LaTeX Companion for explanation.
Type  H <return>  for immediate help.
 ...                                              
                                                  
l.1 \documentclass[11pt]{
                         article} % use larger type; default would be 10pt
The document may only declare one class.

 (../common/preamble.tex

! LaTeX Error: Two \documentclass or \documentstyle commands.

See the LaTeX manual or LaTeX Companion for explanation.
Type  H <return>  for immediate help.
 ...                                              
                                                  
l.1 \documentclass[11pt]{
                         article} % use larger type; default would be 10pt
The document may only declare one class.

 (../common/preamble.tex

! LaTeX Error: Two \documentclass or \documentstyle commands.

See the LaTeX manual or LaTeX Companion for explanation.
Type  H <return>  for immediate help.
 ...                                              
                                                  
l.1 \documentclass[11pt]{
                         article} % use larger type; default would be 10pt
The document may only declare one class.

 (../common/preamble.tex

! LaTeX Error: Two \documentclass or \documentstyle commands.

See the LaTeX manual or LaTeX Companion for explanation.
Type  H <return>  for immediate help.
 ...                                              
                                                  
l.1 \documentclass[11pt]{
                         article} % use larger type; default would be 10pt
The document may only declare one class.

 (../common/preamble.tex

! LaTeX Error: Two \documentclass or \documentstyle commands.

See the LaTeX manual or LaTeX Companion for explanation.
Type  H <return>  for immediate help.
 ...                                              
                                                  
l.1 \documentclass[11pt]{
                         article} % use larger type; default would be 10pt
The document may only declare one class.

! TeX capacity exceeded, sorry [text input levels=15].
\@filef@und ->../common/preamble 
                                 
l.3 \input{../common/preamble}
                              
If you really absolutely need more capacity,
you can ask a wizard to enlarge me.

 
Here is how much of TeX's memory you used:
 225 strings out of 493013
 2705 string characters out of 6139317
 53632 words of memory out of 5000000
 3832 multiletter control sequences out of 15000+600000
 3940 words of font info for 15 fonts, out of 8000000 for 9000
 1141 hyphenation exceptions out of 8191
 33i,0n,19p,459b,36s stack positions out of 5000i,500n,10000p,200000b,80000s
!  ==> Fatal error occurred, no output PDF file produced!
